\BOOKMARK [1][-]{section.1}{Introduction}{}% 1
\BOOKMARK [1][-]{section.2}{Baseline Tracking System}{}% 2
\BOOKMARK [2][-]{subsection.2.1}{Sidloi3 Baseline Vertex Detector}{section.2}% 3
\BOOKMARK [2][-]{subsection.2.2}{Vertex Barrel Geometry Modification}{section.2}% 4
\BOOKMARK [1][-]{section.3}{Methods and Software}{}% 5
\BOOKMARK [2][-]{subsection.3.1}{Detector, Single Particle, and Physics Simulation}{section.3}% 6
\BOOKMARK [2][-]{subsection.3.2}{Tracker Hit Digitization and Event Reconstruction}{section.3}% 7
\BOOKMARK [3][-]{subsubsection.3.2.1}{Tracking Strategies}{subsection.3.2}% 8
\BOOKMARK [2][-]{subsection.3.3}{Analysis}{section.3}% 9
\BOOKMARK [1][-]{section.4}{Tracking Performance Results}{}% 10
\BOOKMARK [2][-]{subsection.4.1}{Tracking Efficiency}{section.4}% 11
\BOOKMARK [3][-]{subsubsection.4.1.1}{Single Muons}{subsection.4.1}% 12
\BOOKMARK [3][-]{subsubsection.4.1.2}{e+e- t t, \040s = \040500 GeV}{subsection.4.1}% 13
\BOOKMARK [3][-]{subsubsection.4.1.3}{e+e- t t b b \(hadronic decays only\), \040s = \0401 TeV}{subsection.4.1}% 14
\BOOKMARK [2][-]{subsection.4.2}{Fake Rates}{section.4}% 15
\BOOKMARK [2][-]{subsection.4.3}{Impact Parameter Resolutions}{section.4}% 16
\BOOKMARK [3][-]{subsubsection.4.3.1}{Single Muons}{subsection.4.3}% 17
\BOOKMARK [3][-]{subsubsection.4.3.2}{e+e- t t, \040s = \040500 GeV}{subsection.4.3}% 18
\BOOKMARK [3][-]{subsubsection.4.3.3}{e+e- t t b b \(hadronic decays only\), \040s = \0401 TeV}{subsection.4.3}% 19
\BOOKMARK [2][-]{subsection.4.4}{Transverse Momentum Resolution}{section.4}% 20
\BOOKMARK [1][-]{section.5}{Discussion and Conclusion}{}% 21
