This is pdfTeX, Version 3.14159265-2.6-1.40.15 (TeX Live 2014) (preloaded format=pdflatex 2014.5.25)  4 NOV 2014 21:33
entering extended mode
 \write18 enabled.
 file:line:error style messages enabled.
 %&-line parsing enabled.
**detOptimization4.tex
(./detOptimization4.tex
LaTeX2e <2014/05/01>
Babel <3.9k> and hyphenation patterns for 78 languages loaded.
(/usr/local/texlive/2014/texmf-dist/tex/latex/base/article.cls
Document Class: article 2007/10/19 v1.4h Standard LaTeX document class
(/usr/local/texlive/2014/texmf-dist/tex/latex/base/size12.clo
File: size12.clo 2007/10/19 v1.4h Standard LaTeX file (size option)
)
\c@part=\count79
\c@section=\count80
\c@subsection=\count81
\c@subsubsection=\count82
\c@paragraph=\count83
\c@subparagraph=\count84
\c@figure=\count85
\c@table=\count86
\abovecaptionskip=\skip41
\belowcaptionskip=\skip42
\bibindent=\dimen102
)
(/usr/local/texlive/2014/texmf-dist/tex/latex/fancyhdr/fancyhdr.sty
\fancy@headwidth=\skip43
\f@ncyO@elh=\skip44
\f@ncyO@erh=\skip45
\f@ncyO@olh=\skip46
\f@ncyO@orh=\skip47
\f@ncyO@elf=\skip48
\f@ncyO@erf=\skip49
\f@ncyO@olf=\skip50
\f@ncyO@orf=\skip51
)
(/usr/local/texlive/2014/texmf-dist/tex/latex/preprint/authblk.sty
Package: authblk 2001/02/27 1.3 (PWD)
\affilsep=\skip52
\@affilsep=\skip53
\c@Maxaffil=\count87
\c@authors=\count88
\c@affil=\count89
)
(/usr/local/texlive/2014/texmf-dist/tex/latex/feynmf/feynmf.sty
Package: feynmf 1996/12/02 v1.08 LaTeX/Metafont Feynman Diagram Package (ohl)
\@outfmf=\write3
\fmfbuf@=\toks14
\c@fmfgraph=\count90
\grep@infile=\read1
\grep@outfile=\write4
)
(/usr/local/texlive/2014/texmf-dist/tex/latex/amsmath/amsmath.sty
Package: amsmath 2013/01/14 v2.14 AMS math features
\@mathmargin=\skip54

For additional information on amsmath, use the `?' option.
(/usr/local/texlive/2014/texmf-dist/tex/latex/amsmath/amstext.sty
Package: amstext 2000/06/29 v2.01

(/usr/local/texlive/2014/texmf-dist/tex/latex/amsmath/amsgen.sty
File: amsgen.sty 1999/11/30 v2.0
\@emptytoks=\toks15
\ex@=\dimen103
))
(/usr/local/texlive/2014/texmf-dist/tex/latex/amsmath/amsbsy.sty
Package: amsbsy 1999/11/29 v1.2d
\pmbraise@=\dimen104
)
(/usr/local/texlive/2014/texmf-dist/tex/latex/amsmath/amsopn.sty
Package: amsopn 1999/12/14 v2.01 operator names
)
\inf@bad=\count91
LaTeX Info: Redefining \frac on input line 210.
\uproot@=\count92
\leftroot@=\count93
LaTeX Info: Redefining \overline on input line 306.
\classnum@=\count94
\DOTSCASE@=\count95
LaTeX Info: Redefining \ldots on input line 378.
LaTeX Info: Redefining \dots on input line 381.
LaTeX Info: Redefining \cdots on input line 466.
\Mathstrutbox@=\box26
\strutbox@=\box27
\big@size=\dimen105
LaTeX Font Info:    Redeclaring font encoding OML on input line 566.
LaTeX Font Info:    Redeclaring font encoding OMS on input line 567.
\macc@depth=\count96
\c@MaxMatrixCols=\count97
\dotsspace@=\muskip10
\c@parentequation=\count98
\dspbrk@lvl=\count99
\tag@help=\toks16
\row@=\count100
\column@=\count101
\maxfields@=\count102
\andhelp@=\toks17
\eqnshift@=\dimen106
\alignsep@=\dimen107
\tagshift@=\dimen108
\tagwidth@=\dimen109
\totwidth@=\dimen110
\lineht@=\dimen111
\@envbody=\toks18
\multlinegap=\skip55
\multlinetaggap=\skip56
\mathdisplay@stack=\toks19
LaTeX Info: Redefining \[ on input line 2665.
LaTeX Info: Redefining \] on input line 2666.
)
(/usr/local/texlive/2014/texmf-dist/tex/latex/amsfonts/amssymb.sty
Package: amssymb 2013/01/14 v3.01 AMS font symbols

(/usr/local/texlive/2014/texmf-dist/tex/latex/amsfonts/amsfonts.sty
Package: amsfonts 2013/01/14 v3.01 Basic AMSFonts support
\symAMSa=\mathgroup4
\symAMSb=\mathgroup5
LaTeX Font Info:    Overwriting math alphabet `\mathfrak' in version `bold'
(Font)                  U/euf/m/n --> U/euf/b/n on input line 106.
))
(/usr/local/texlive/2014/texmf-dist/tex/latex/graphics/graphicx.sty
Package: graphicx 2014/04/25 v1.0g Enhanced LaTeX Graphics (DPC,SPQR)

(/usr/local/texlive/2014/texmf-dist/tex/latex/graphics/keyval.sty
Package: keyval 2014/05/08 v1.15 key=value parser (DPC)
\KV@toks@=\toks20
)
(/usr/local/texlive/2014/texmf-dist/tex/latex/graphics/graphics.sty
Package: graphics 2009/02/05 v1.0o Standard LaTeX Graphics (DPC,SPQR)

(/usr/local/texlive/2014/texmf-dist/tex/latex/graphics/trig.sty
Package: trig 1999/03/16 v1.09 sin cos tan (DPC)
)
(/usr/local/texlive/2014/texmf-dist/tex/latex/latexconfig/graphics.cfg
File: graphics.cfg 2010/04/23 v1.9 graphics configuration of TeX Live
)
Package graphics Info: Driver file: pdftex.def on input line 91.

(/usr/local/texlive/2014/texmf-dist/tex/latex/pdftex-def/pdftex.def
File: pdftex.def 2011/05/27 v0.06d Graphics/color for pdfTeX

(/usr/local/texlive/2014/texmf-dist/tex/generic/oberdiek/infwarerr.sty
Package: infwarerr 2010/04/08 v1.3 Providing info/warning/error messages (HO)
)
(/usr/local/texlive/2014/texmf-dist/tex/generic/oberdiek/ltxcmds.sty
Package: ltxcmds 2011/11/09 v1.22 LaTeX kernel commands for general use (HO)
)
\Gread@gobject=\count103
))
\Gin@req@height=\dimen112
\Gin@req@width=\dimen113
)
(/usr/local/texlive/2014/texmf-dist/tex/latex/url/url.sty
\Urlmuskip=\muskip11
Package: url 2013/09/16  ver 3.4  Verb mode for urls, etc.
)
(/usr/local/texlive/2014/texmf-dist/tex/latex/graphics/color.sty
Package: color 2014/04/23 v1.1a Standard LaTeX Color (DPC)

(/usr/local/texlive/2014/texmf-dist/tex/latex/latexconfig/color.cfg
File: color.cfg 2007/01/18 v1.5 color configuration of teTeX/TeXLive
)
Package color Info: Driver file: pdftex.def on input line 137.
)
(/usr/local/texlive/2014/texmf-dist/tex/latex/oberdiek/epstopdf.sty
Package: epstopdf 2010/02/09 v2.5 Conversion with epstopdf on the fly (HO)

(/usr/local/texlive/2014/texmf-dist/tex/latex/oberdiek/epstopdf-base.sty
Package: epstopdf-base 2010/02/09 v2.5 Base part for package epstopdf

(/usr/local/texlive/2014/texmf-dist/tex/latex/oberdiek/grfext.sty
Package: grfext 2010/08/19 v1.1 Manage graphics extensions (HO)

(/usr/local/texlive/2014/texmf-dist/tex/generic/oberdiek/kvdefinekeys.sty
Package: kvdefinekeys 2011/04/07 v1.3 Define keys (HO)
))
(/usr/local/texlive/2014/texmf-dist/tex/latex/oberdiek/kvoptions.sty
Package: kvoptions 2011/06/30 v3.11 Key value format for package options (HO)

(/usr/local/texlive/2014/texmf-dist/tex/generic/oberdiek/kvsetkeys.sty
Package: kvsetkeys 2012/04/25 v1.16 Key value parser (HO)

(/usr/local/texlive/2014/texmf-dist/tex/generic/oberdiek/etexcmds.sty
Package: etexcmds 2011/02/16 v1.5 Avoid name clashes with e-TeX commands (HO)

(/usr/local/texlive/2014/texmf-dist/tex/generic/oberdiek/ifluatex.sty
Package: ifluatex 2010/03/01 v1.3 Provides the ifluatex switch (HO)
Package ifluatex Info: LuaTeX not detected.
)
Package etexcmds Info: Could not find \expanded.
(etexcmds)             That can mean that you are not using pdfTeX 1.50 or
(etexcmds)             that some package has redefined \expanded.
(etexcmds)             In the latter case, load this package earlier.
)))
(/usr/local/texlive/2014/texmf-dist/tex/generic/oberdiek/pdftexcmds.sty
Package: pdftexcmds 2011/11/29 v0.20 Utility functions of pdfTeX for LuaTeX (HO
)

(/usr/local/texlive/2014/texmf-dist/tex/generic/oberdiek/ifpdf.sty
Package: ifpdf 2011/01/30 v2.3 Provides the ifpdf switch (HO)
Package ifpdf Info: pdfTeX in PDF mode is detected.
)
Package pdftexcmds Info: LuaTeX not detected.
Package pdftexcmds Info: \pdf@primitive is available.
Package pdftexcmds Info: \pdf@ifprimitive is available.
Package pdftexcmds Info: \pdfdraftmode found.
)
Package grfext Info: Graphics extension search list:
(grfext)             [.png,.pdf,.jpg,.mps,.jpeg,.jbig2,.jb2,.PNG,.PDF,.JPG,.JPE
G,.JBIG2,.JB2,.eps]
(grfext)             \AppendGraphicsExtensions on input line 452.

(/usr/local/texlive/2014/texmf-dist/tex/latex/latexconfig/epstopdf-sys.cfg
File: epstopdf-sys.cfg 2010/07/13 v1.3 Configuration of (r)epstopdf for TeX Liv
e
)))
(/usr/local/texlive/2014/texmf-dist/tex/latex/tools/tabularx.sty
Package: tabularx 2014/05/13 v2.10 `tabularx' package (DPC)

(/usr/local/texlive/2014/texmf-dist/tex/latex/tools/array.sty
Package: array 2008/09/09 v2.4c Tabular extension package (FMi)
\col@sep=\dimen114
\extrarowheight=\dimen115
\NC@list=\toks21
\extratabsurround=\skip57
\backup@length=\skip58
)
\TX@col@width=\dimen116
\TX@old@table=\dimen117
\TX@old@col=\dimen118
\TX@target=\dimen119
\TX@delta=\dimen120
\TX@cols=\count104
\TX@ftn=\toks22
)
(/usr/local/texlive/2014/texmf-dist/tex/latex/caption/caption.sty
Package: caption 2013/05/02 v3.3-89 Customizing captions (AR)

(/usr/local/texlive/2014/texmf-dist/tex/latex/caption/caption3.sty
Package: caption3 2013/05/02 v1.6-88 caption3 kernel (AR)
Package caption3 Info: TeX engine: e-TeX on input line 57.
\captionmargin=\dimen121
\captionmargin@=\dimen122
\captionwidth=\dimen123
\caption@tempdima=\dimen124
\caption@indent=\dimen125
\caption@parindent=\dimen126
\caption@hangindent=\dimen127
)
\c@ContinuedFloat=\count105
)
(/usr/local/texlive/2014/texmf-dist/tex/latex/hyperref/hyperref.sty
Package: hyperref 2012/11/06 v6.83m Hypertext links for LaTeX

(/usr/local/texlive/2014/texmf-dist/tex/generic/oberdiek/hobsub-hyperref.sty
Package: hobsub-hyperref 2012/05/28 v1.13 Bundle oberdiek, subset hyperref (HO)


(/usr/local/texlive/2014/texmf-dist/tex/generic/oberdiek/hobsub-generic.sty
Package: hobsub-generic 2012/05/28 v1.13 Bundle oberdiek, subset generic (HO)
Package: hobsub 2012/05/28 v1.13 Construct package bundles (HO)
Package hobsub Info: Skipping package `infwarerr' (already loaded).
Package hobsub Info: Skipping package `ltxcmds' (already loaded).
Package hobsub Info: Skipping package `ifluatex' (already loaded).
Package: ifvtex 2010/03/01 v1.5 Detect VTeX and its facilities (HO)
Package ifvtex Info: VTeX not detected.
Package: intcalc 2007/09/27 v1.1 Expandable calculations with integers (HO)
Package hobsub Info: Skipping package `ifpdf' (already loaded).
Package hobsub Info: Skipping package `etexcmds' (already loaded).
Package hobsub Info: Skipping package `kvsetkeys' (already loaded).
Package hobsub Info: Skipping package `kvdefinekeys' (already loaded).
Package hobsub Info: Skipping package `pdftexcmds' (already loaded).
Package: pdfescape 2011/11/25 v1.13 Implements pdfTeX's escape features (HO)
Package: bigintcalc 2012/04/08 v1.3 Expandable calculations on big integers (HO
)
Package: bitset 2011/01/30 v1.1 Handle bit-vector datatype (HO)
Package: uniquecounter 2011/01/30 v1.2 Provide unlimited unique counter (HO)
)
Package hobsub Info: Skipping package `hobsub' (already loaded).
Package: letltxmacro 2010/09/02 v1.4 Let assignment for LaTeX macros (HO)
Package: hopatch 2012/05/28 v1.2 Wrapper for package hooks (HO)
Package: xcolor-patch 2011/01/30 xcolor patch
Package: atveryend 2011/06/30 v1.8 Hooks at the very end of document (HO)
Package atveryend Info: \enddocument detected (standard20110627).
Package: atbegshi 2011/10/05 v1.16 At begin shipout hook (HO)
Package: refcount 2011/10/16 v3.4 Data extraction from label references (HO)
Package: hycolor 2011/01/30 v1.7 Color options for hyperref/bookmark (HO)
)
(/usr/local/texlive/2014/texmf-dist/tex/generic/ifxetex/ifxetex.sty
Package: ifxetex 2010/09/12 v0.6 Provides ifxetex conditional
)
(/usr/local/texlive/2014/texmf-dist/tex/latex/oberdiek/auxhook.sty
Package: auxhook 2011/03/04 v1.3 Hooks for auxiliary files (HO)
)
\@linkdim=\dimen128
\Hy@linkcounter=\count106
\Hy@pagecounter=\count107

(/usr/local/texlive/2014/texmf-dist/tex/latex/hyperref/pd1enc.def
File: pd1enc.def 2012/11/06 v6.83m Hyperref: PDFDocEncoding definition (HO)
)
\Hy@SavedSpaceFactor=\count108

(/usr/local/texlive/2014/texmf-dist/tex/latex/latexconfig/hyperref.cfg
File: hyperref.cfg 2002/06/06 v1.2 hyperref configuration of TeXLive
)
Package hyperref Info: Option `colorlinks' set `true' on input line 4319.
Package hyperref Info: Hyper figures OFF on input line 4443.
Package hyperref Info: Link nesting OFF on input line 4448.
Package hyperref Info: Hyper index ON on input line 4451.
Package hyperref Info: Plain pages OFF on input line 4458.
Package hyperref Info: Backreferencing OFF on input line 4463.
Package hyperref Info: Implicit mode ON; LaTeX internals redefined.
Package hyperref Info: Bookmarks ON on input line 4688.
\c@Hy@tempcnt=\count109
LaTeX Info: Redefining \url on input line 5041.
\XeTeXLinkMargin=\dimen129
\Fld@menulength=\count110
\Field@Width=\dimen130
\Fld@charsize=\dimen131
Package hyperref Info: Hyper figures OFF on input line 6295.
Package hyperref Info: Link nesting OFF on input line 6300.
Package hyperref Info: Hyper index ON on input line 6303.
Package hyperref Info: backreferencing OFF on input line 6310.
Package hyperref Info: Link coloring ON on input line 6313.
Package hyperref Info: Link coloring with OCG OFF on input line 6320.
Package hyperref Info: PDF/A mode OFF on input line 6325.
LaTeX Info: Redefining \ref on input line 6365.
LaTeX Info: Redefining \pageref on input line 6369.
\Hy@abspage=\count111
\c@Item=\count112
\c@Hfootnote=\count113
)

Package hyperref Message: Driver (autodetected): hpdftex.

(/usr/local/texlive/2014/texmf-dist/tex/latex/hyperref/hpdftex.def
File: hpdftex.def 2012/11/06 v6.83m Hyperref driver for pdfTeX
\Fld@listcount=\count114
\c@bookmark@seq@number=\count115

(/usr/local/texlive/2014/texmf-dist/tex/latex/oberdiek/rerunfilecheck.sty
Package: rerunfilecheck 2011/04/15 v1.7 Rerun checks for auxiliary files (HO)
Package uniquecounter Info: New unique counter `rerunfilecheck' on input line 2
82.
)
\Hy@SectionHShift=\skip59
)
(/usr/local/texlive/2014/texmf-dist/tex/latex/caption/subcaption.sty
Package: subcaption 2013/02/03 v1.1-62 Sub-captions (AR)
\c@subfigure=\count116
\c@subtable=\count117
)
(/usr/local/texlive/2014/texmf-dist/tex/latex/textgreek/textgreek.sty
Package: textgreek 2011/10/09 v0.7 Greek symbols in text
Package textgreek Info: Loading the definitions for the Greek fontencoding. on 
input line 39.

(/usr/local/texlive/2014/texmf-dist/tex/latex/greek-fontenc/lgrenc.def
File: lgrenc.def 2013/07/16 v0.9 LGR Greek font encoding definitions

(/usr/local/texlive/2014/texmf-dist/tex/latex/greek-fontenc/greek-fontenc.def
File: greek-fontenc.def 2013/11/28 v0.11 Common Greek font encoding definitions

))
Package textgreek Info: Loaded fontmap: {eur/*/*}{U/eur/*/*} {phv/*/*}{U/psy/*/
*}. on input line 69.
) (./mymacros.tex
\@tempcntc=\count118
) (./detOptimization4.aux)
\openout1 = `detOptimization4.aux'.

LaTeX Font Info:    Checking defaults for OML/cmm/m/it on input line 328.
LaTeX Font Info:    ... okay on input line 328.
LaTeX Font Info:    Checking defaults for T1/cmr/m/n on input line 328.
LaTeX Font Info:    ... okay on input line 328.
LaTeX Font Info:    Checking defaults for OT1/cmr/m/n on input line 328.
LaTeX Font Info:    ... okay on input line 328.
LaTeX Font Info:    Checking defaults for OMS/cmsy/m/n on input line 328.
LaTeX Font Info:    ... okay on input line 328.
LaTeX Font Info:    Checking defaults for OMX/cmex/m/n on input line 328.
LaTeX Font Info:    ... okay on input line 328.
LaTeX Font Info:    Checking defaults for U/cmr/m/n on input line 328.
LaTeX Font Info:    ... okay on input line 328.
LaTeX Font Info:    Checking defaults for PD1/pdf/m/n on input line 328.
LaTeX Font Info:    ... okay on input line 328.
LaTeX Font Info:    Checking defaults for LGR/cmr/m/n on input line 328.
LaTeX Font Info:    Try loading font information for LGR+cmr on input line 328.


(/usr/local/texlive/2014/texmf-dist/tex/latex/cbfonts-fd/lgrcmr.fd
File: lgrcmr.fd 2013/09/01 v1.0 Greek European Computer Regular
)
LaTeX Font Info:    ... okay on input line 328.

(/usr/local/texlive/2014/texmf-dist/tex/context/base/supp-pdf.mkii
[Loading MPS to PDF converter (version 2006.09.02).]
\scratchcounter=\count119
\scratchdimen=\dimen132
\scratchbox=\box28
\nofMPsegments=\count120
\nofMParguments=\count121
\everyMPshowfont=\toks23
\MPscratchCnt=\count122
\MPscratchDim=\dimen133
\MPnumerator=\count123
\makeMPintoPDFobject=\count124
\everyMPtoPDFconversion=\toks24
)
Package caption Info: Begin \AtBeginDocument code.
Package caption Info: hyperref package is loaded.
Package caption Info: End \AtBeginDocument code.
\AtBeginShipoutBox=\box29
Package hyperref Info: Link coloring ON on input line 328.
 (/usr/local/texlive/2014/texmf-dist/tex/latex/hyperref/nameref.sty
Package: nameref 2012/10/27 v2.43 Cross-referencing by name of section

(/usr/local/texlive/2014/texmf-dist/tex/generic/oberdiek/gettitlestring.sty
Package: gettitlestring 2010/12/03 v1.4 Cleanup title references (HO)
)
\c@section@level=\count125
)
LaTeX Info: Redefining \ref on input line 328.
LaTeX Info: Redefining \pageref on input line 328.
LaTeX Info: Redefining \nameref on input line 328.

(./detOptimization4.out) (./detOptimization4.out)
\@outlinefile=\write5
\openout5 = `detOptimization4.out'.

LaTeX Font Info:    Try loading font information for U+msa on input line 338.

(/usr/local/texlive/2014/texmf-dist/tex/latex/amsfonts/umsa.fd
File: umsa.fd 2013/01/14 v3.01 AMS symbols A
)
LaTeX Font Info:    Try loading font information for U+msb on input line 338.

(/usr/local/texlive/2014/texmf-dist/tex/latex/amsfonts/umsb.fd
File: umsb.fd 2013/01/14 v3.01 AMS symbols B
) (./intro.tex

Package Fancyhdr Warning: \headheight is too small (12.0pt): 
 Make it at least 14.49998pt.
 We now make it that large for the rest of the document.
 This may cause the page layout to be inconsistent, however.

[1

{/usr/local/texlive/2014/texmf-var/fonts/map/pdftex/updmap/pdftex.map}]
<totalTracker.png, id=121, 289.08pt x 207.77625pt>
File: totalTracker.png Graphic file (type png)
 <use totalTracker.png>
Package pdftex.def Info: totalTracker.png used on input line 66.
(pdftex.def)             Requested size: 289.07928pt x 207.77573pt.

<vertexDetectorSketch1.png, id=138, 289.08pt x 206.2104pt>
File: vertexDetectorSketch1.png Graphic file (type png)

<use vertexDetectorSketch1.png>
Package pdftex.def Info: vertexDetectorSketch1.png used on input line 91.
(pdftex.def)             Requested size: 289.07928pt x 206.20988pt.
 [2]
<sidloi3_barrel_withVolumes.pdf, id=160, 216.32169pt x 149.53069pt>
File: sidloi3_barrel_withVolumes.pdf Graphic file (type pdf)

<use sidloi3_barrel_withVolumes.pdf>
Package pdftex.def Info: sidloi3_barrel_withVolumes.pdf used on input line 138.

(pdftex.def)             Requested size: 216.32115pt x 149.5303pt.

<DoubletVertexFinal_withVolumesAndDetail.pdf, id=161, 218.58621pt x 150.06084pt
>
File: DoubletVertexFinal_withVolumesAndDetail.pdf Graphic file (type pdf)
 <use DoubletVertexFinal_withVolumesAndDetail.pdf>
Package pdftex.def Info: DoubletVertexFinal_withVolumesAndDetail.pdf used on in
put line 144.
(pdftex.def)             Requested size: 218.58566pt x 150.06047pt.

Overfull \hbox (1.77567pt too wide) in paragraph at lines 144--145
 [][] 
 []

[3 <./totalTracker.png>]
<trackerCoverage_sidloi3.png, id=173, 569.12625pt x 482.0409pt>
File: trackerCoverage_sidloi3.png Graphic file (type png)

<use trackerCoverage_sidloi3.png>
Package pdftex.def Info: trackerCoverage_sidloi3.png used on input line 183.
(pdftex.def)             Requested size: 216.81pt x 183.63347pt.

<trackerCoverage_det_vtxbar_3doublet.png, id=174, 569.12625pt x 482.0409pt>
File: trackerCoverage_det_vtxbar_3doublet.png Graphic file (type png)

<use trackerCoverage_det_vtxbar_3doublet.png>
Package pdftex.def Info: trackerCoverage_det_vtxbar_3doublet.png used on input 
line 187.
(pdftex.def)             Requested size: 216.81pt x 183.63347pt.
) (./methods.tex
<simReconAnalysisPipeline.pdf, id=191, 433.62pt x 109.17831pt>
File: simReconAnalysisPipeline.pdf Graphic file (type pdf)

<use simReconAnalysisPipeline.pdf>
Package pdftex.def Info: simReconAnalysisPipeline.pdf used on input line 25.
(pdftex.def)             Requested size: 433.61894pt x 109.17804pt.
 [4 <./vertexDetectorSketch1.png>] [5 <./sidloi3_barrel_withVolumes.pdf> <./Dou
bletVertexFinal_withVolumesAndDetail.pdf

pdfTeX warning: pdflatex (file ./DoubletVertexFinal_withVolumesAndDetail.pdf): 
PDF inclusion: multiple pdfs with page group included in a single page
>] [6 <./trackerCoverage_sidloi3.png (PNG copy)> <./trackerCoverage_det_vtxbar_
3doublet.png (PNG copy)>] [7 <./simReconAnalysisPipeline.pdf>]
<helixDrawing3.pdf, id=332, 281.29218pt x 263.76907pt>
File: helixDrawing3.pdf Graphic file (type pdf)
 <use helixDrawing3.pdf>
Package pdftex.def Info: helixDrawing3.pdf used on input line 148.
(pdftex.def)             Requested size: 281.29147pt x 263.76842pt.


LaTeX Warning: Reference `eq:helixparam' on page 8 undefined on input line 157.



LaTeX Warning: Reference `eq:helixparam' on page 8 undefined on input line 157.


[8] [9 <./helixDrawing3.pdf>]) (./results.tex [10]
<muonEfficiencyThetaComparison1GeV.png, id=395, 569.12625pt x 482.0409pt>
File: muonEfficiencyThetaComparison1GeV.png Graphic file (type png)

<use muonEfficiencyThetaComparison1GeV.png>
Package pdftex.def Info: muonEfficiencyThetaComparison1GeV.png used on input li
ne 26.
(pdftex.def)             Requested size: 144.54pt x 122.4223pt.

Overfull \hbox (1.44461pt too wide) in paragraph at lines 26--27
 [][] 
 []

<muonEfficiencyThetaComparison10GeV.png, id=396, 569.12625pt x 482.0409pt>
File: muonEfficiencyThetaComparison10GeV.png Graphic file (type png)

<use muonEfficiencyThetaComparison10GeV.png>
Package pdftex.def Info: muonEfficiencyThetaComparison10GeV.png used on input l
ine 31.
(pdftex.def)             Requested size: 144.54pt x 122.4223pt.

Overfull \hbox (1.44461pt too wide) in paragraph at lines 31--32
 [][] 
 []

<muonEfficiencyThetaComparison100GeV.png, id=397, 569.12625pt x 482.0409pt>
File: muonEfficiencyThetaComparison100GeV.png Graphic file (type png)

<use muonEfficiencyThetaComparison100GeV.png>
Package pdftex.def Info: muonEfficiencyThetaComparison100GeV.png used on input 
line 36.
(pdftex.def)             Requested size: 144.54pt x 122.4223pt.

Overfull \hbox (1.44461pt too wide) in paragraph at lines 36--37
 [][] 
 []

<muonEfficiencyPtComparisonTheta15.png, id=403, 569.12625pt x 482.0409pt>
File: muonEfficiencyPtComparisonTheta15.png Graphic file (type png)

<use muonEfficiencyPtComparisonTheta15.png>
Package pdftex.def Info: muonEfficiencyPtComparisonTheta15.png used on input li
ne 58.
(pdftex.def)             Requested size: 144.54pt x 122.4223pt.

Overfull \hbox (1.44461pt too wide) in paragraph at lines 58--59
 [][] 
 []

<muonEfficiencyPtComparisonTheta30.png, id=404, 569.12625pt x 482.0409pt>
File: muonEfficiencyPtComparisonTheta30.png Graphic file (type png)

<use muonEfficiencyPtComparisonTheta30.png>
Package pdftex.def Info: muonEfficiencyPtComparisonTheta30.png used on input li
ne 63.
(pdftex.def)             Requested size: 144.54pt x 122.4223pt.

Overfull \hbox (1.44461pt too wide) in paragraph at lines 63--64
 [][] 
 []

<muonEfficiencyPtComparisonTheta90.png, id=405, 569.12625pt x 482.0409pt>
File: muonEfficiencyPtComparisonTheta90.png Graphic file (type png)

<use muonEfficiencyPtComparisonTheta90.png>
Package pdftex.def Info: muonEfficiencyPtComparisonTheta90.png used on input li
ne 68.
(pdftex.def)             Requested size: 144.54pt x 122.4223pt.

Overfull \hbox (1.44461pt too wide) in paragraph at lines 68--69
 [][] 
 []


LaTeX Warning: `!h' float specifier changed to `!ht'.


Package hyperref Warning: Token not allowed in a PDF string (PDFDocEncoding):
(hyperref)                removing `math shift' on input line 76.


Package hyperref Warning: Token not allowed in a PDF string (PDFDocEncoding):
(hyperref)                removing `superscript' on input line 76.


Package hyperref Warning: Token not allowed in a PDF string (PDFDocEncoding):
(hyperref)                removing `superscript' on input line 76.


Package hyperref Warning: Token not allowed in a PDF string (PDFDocEncoding):
(hyperref)                removing `\rightarrow' on input line 76.


Package hyperref Warning: Token not allowed in a PDF string (PDFDocEncoding):
(hyperref)                removing `\@@overline' on input line 76.


Package hyperref Warning: Token not allowed in a PDF string (PDFDocEncoding):
(hyperref)                removing `math shift' on input line 76.


Package hyperref Warning: Token not allowed in a PDF string (PDFDocEncoding):
(hyperref)                removing `math shift' on input line 76.


Package hyperref Warning: Token not allowed in a PDF string (PDFDocEncoding):
(hyperref)                removing `\@ifnextchar' on input line 76.


Package hyperref Warning: Token not allowed in a PDF string (PDFDocEncoding):
(hyperref)                removing `math shift' on input line 76.


<eettbarEfficiencyThetaLowPt_sidloi3_det_vtxbar_3doublet.png, id=409, 569.12625
pt x 482.0409pt>
File: eettbarEfficiencyThetaLowPt_sidloi3_det_vtxbar_3doublet.png Graphic file 
(type png)

<use eettbarEfficiencyThetaLowPt_sidloi3_det_vtxbar_3doublet.png>
Package pdftex.def Info: eettbarEfficiencyThetaLowPt_sidloi3_det_vtxbar_3double
t.png used on input line 89.
(pdftex.def)             Requested size: 144.54pt x 122.4223pt.

Overfull \hbox (1.44461pt too wide) in paragraph at lines 89--90
 [][] 
 []


<eettbarEfficiencyThetaMedPt_sidloi3_det_vtxbar_3doublet.png, id=410, 569.12625
pt x 482.0409pt>
File: eettbarEfficiencyThetaMedPt_sidloi3_det_vtxbar_3doublet.png Graphic file 
(type png)

<use eettbarEfficiencyThetaMedPt_sidloi3_det_vtxbar_3doublet.png>
Package pdftex.def Info: eettbarEfficiencyThetaMedPt_sidloi3_det_vtxbar_3double
t.png used on input line 94.
(pdftex.def)             Requested size: 144.54pt x 122.4223pt.

Overfull \hbox (1.44461pt too wide) in paragraph at lines 94--95
 [][] 
 []


<eettbarEfficiencyTheta30GeV_sidloi3_det_vtxbar_3doublet.png, id=411, 569.12625
pt x 482.0409pt>
File: eettbarEfficiencyTheta30GeV_sidloi3_det_vtxbar_3doublet.png Graphic file 
(type png)

<use eettbarEfficiencyTheta30GeV_sidloi3_det_vtxbar_3doublet.png>
Package pdftex.def Info: eettbarEfficiencyTheta30GeV_sidloi3_det_vtxbar_3double
t.png used on input line 99.
(pdftex.def)             Requested size: 144.54pt x 122.4223pt.

Overfull \hbox (1.44461pt too wide) in paragraph at lines 99--100
 [][] 
 []

[11 <./muonEfficiencyThetaComparison1GeV.png (PNG copy)> <./muonEfficiencyTheta
Comparison10GeV.png (PNG copy)> <./muonEfficiencyThetaComparison100GeV.png (PNG
 copy)>]
<eettbarEfficiencyPtLowTheta_sidloi3_det_vtxbar_3doublet.png, id=427, 569.12625
pt x 482.0409pt>
File: eettbarEfficiencyPtLowTheta_sidloi3_det_vtxbar_3doublet.png Graphic file 
(type png)

<use eettbarEfficiencyPtLowTheta_sidloi3_det_vtxbar_3doublet.png>
Package pdftex.def Info: eettbarEfficiencyPtLowTheta_sidloi3_det_vtxbar_3double
t.png used on input line 120.
(pdftex.def)             Requested size: 144.54pt x 122.4223pt.

Overfull \hbox (1.44461pt too wide) in paragraph at lines 120--121
 [][] 
 []


<eettbarEfficiencyPtMedTheta_sidloi3_det_vtxbar_3doublet.png, id=428, 569.12625
pt x 482.0409pt>
File: eettbarEfficiencyPtMedTheta_sidloi3_det_vtxbar_3doublet.png Graphic file 
(type png)

<use eettbarEfficiencyPtMedTheta_sidloi3_det_vtxbar_3doublet.png>
Package pdftex.def Info: eettbarEfficiencyPtMedTheta_sidloi3_det_vtxbar_3double
t.png used on input line 125.
(pdftex.def)             Requested size: 144.54pt x 122.4223pt.

Overfull \hbox (1.44461pt too wide) in paragraph at lines 125--126
 [][] 
 []


<eettbarEfficiencyPtHighTheta_sidloi3_det_vtxbar_3doublet.png, id=429, 569.1262
5pt x 482.0409pt>
File: eettbarEfficiencyPtHighTheta_sidloi3_det_vtxbar_3doublet.png Graphic file
 (type png)

<use eettbarEfficiencyPtHighTheta_sidloi3_det_vtxbar_3doublet.png>
Package pdftex.def Info: eettbarEfficiencyPtHighTheta_sidloi3_det_vtxbar_3doubl
et.png used on input line 130.
(pdftex.def)             Requested size: 144.54pt x 122.4223pt.

Overfull \hbox (1.44461pt too wide) in paragraph at lines 130--131
 [][] 
 []


LaTeX Warning: `!h' float specifier changed to `!ht'.


<eettbarEfficiencyHits_sidloi3_det_vtxbar_3doublet.png, id=435, 569.12625pt x 4
82.0409pt>
File: eettbarEfficiencyHits_sidloi3_det_vtxbar_3doublet.png Graphic file (type 
png)
 <use eettbarEfficiencyHits_sidloi3_det_vtxbar_3doublet.png>
Package pdftex.def Info: eettbarEfficiencyHits_sidloi3_det_vtxbar_3doublet.png 
used on input line 152.
(pdftex.def)             Requested size: 216.81pt x 183.63347pt.

<eettbarEfficiencyDistance_sidloi3_det_vtxbar_3doublet.png, id=436, 569.12625pt
 x 482.0409pt>
File: eettbarEfficiencyDistance_sidloi3_det_vtxbar_3doublet.png Graphic file (t
ype png)
 <use eettbarEfficiencyDistance_sidloi3_det_vtxbar_3doublet.png>
Package pdftex.def Info: eettbarEfficiencyDistance_sidloi3_det_vtxbar_3doublet.
png used on input line 157.
(pdftex.def)             Requested size: 216.81pt x 183.63347pt.

Overfull \hbox (2.61108pt too wide) in paragraph at lines 150--161
[]$[]$ $[]$ 
 []

[12 <./muonEfficiencyPtComparisonTheta15.png (PNG copy)> <./muonEfficiencyPtCom
parisonTheta30.png (PNG copy)> <./muonEfficiencyPtComparisonTheta90.png (PNG co
py)> <./eettbarEfficiencyThetaLowPt_sidloi3_det_vtxbar_3doublet.png (PNG copy)>
 <./eettbarEfficiencyThetaMedPt_sidloi3_det_vtxbar_3doublet.png (PNG copy)> <./
eettbarEfficiencyTheta30GeV_sidloi3_det_vtxbar_3doublet.png (PNG copy)>]

Package hyperref Warning: Token not allowed in a PDF string (PDFDocEncoding):
(hyperref)                removing `math shift' on input line 165.


Package hyperref Warning: Token not allowed in a PDF string (PDFDocEncoding):
(hyperref)                removing `superscript' on input line 165.


Package hyperref Warning: Token not allowed in a PDF string (PDFDocEncoding):
(hyperref)                removing `superscript' on input line 165.


Package hyperref Warning: Token not allowed in a PDF string (PDFDocEncoding):
(hyperref)                removing `\rightarrow' on input line 165.


Package hyperref Warning: Token not allowed in a PDF string (PDFDocEncoding):
(hyperref)                removing `\@@overline' on input line 165.


Package hyperref Warning: Token not allowed in a PDF string (PDFDocEncoding):
(hyperref)                removing `\@@overline' on input line 165.


Package hyperref Warning: Token not allowed in a PDF string (PDFDocEncoding):
(hyperref)                removing `math shift' on input line 165.


Package hyperref Warning: Token not allowed in a PDF string (PDFDocEncoding):
(hyperref)                removing `math shift' on input line 165.


Package hyperref Warning: Token not allowed in a PDF string (PDFDocEncoding):
(hyperref)                removing `\@ifnextchar' on input line 165.


Package hyperref Warning: Token not allowed in a PDF string (PDFDocEncoding):
(hyperref)                removing `math shift' on input line 165.


<ttbb6qallEfficiencyThetaLowPt_sidloi3_det_vtxbar_3doublet.png, id=451, 569.126
25pt x 482.0409pt>
File: ttbb6qallEfficiencyThetaLowPt_sidloi3_det_vtxbar_3doublet.png Graphic fil
e (type png)

<use ttbb6qallEfficiencyThetaLowPt_sidloi3_det_vtxbar_3doublet.png>
Package pdftex.def Info: ttbb6qallEfficiencyThetaLowPt_sidloi3_det_vtxbar_3doub
let.png used on input line 190.
(pdftex.def)             Requested size: 144.54pt x 122.4223pt.

Overfull \hbox (1.44461pt too wide) in paragraph at lines 190--191
 [][] 
 []


<ttbb6qallEfficiencyThetaMedPt_sidloi3_det_vtxbar_3doublet.png, id=452, 569.126
25pt x 482.0409pt>
File: ttbb6qallEfficiencyThetaMedPt_sidloi3_det_vtxbar_3doublet.png Graphic fil
e (type png)

<use ttbb6qallEfficiencyThetaMedPt_sidloi3_det_vtxbar_3doublet.png>
Package pdftex.def Info: ttbb6qallEfficiencyThetaMedPt_sidloi3_det_vtxbar_3doub
let.png used on input line 195.
(pdftex.def)             Requested size: 144.54pt x 122.4223pt.

Overfull \hbox (1.44461pt too wide) in paragraph at lines 195--196
 [][] 
 []


<ttbb6qallEfficiencyTheta30GeV_sidloi3_det_vtxbar_3doublet.png, id=453, 569.126
25pt x 482.0409pt>
File: ttbb6qallEfficiencyTheta30GeV_sidloi3_det_vtxbar_3doublet.png Graphic fil
e (type png)

<use ttbb6qallEfficiencyTheta30GeV_sidloi3_det_vtxbar_3doublet.png>
Package pdftex.def Info: ttbb6qallEfficiencyTheta30GeV_sidloi3_det_vtxbar_3doub
let.png used on input line 200.
(pdftex.def)             Requested size: 144.54pt x 122.4223pt.

Overfull \hbox (1.44461pt too wide) in paragraph at lines 200--201
 [][] 
 []

[13 <./eettbarEfficiencyPtLowTheta_sidloi3_det_vtxbar_3doublet.png (PNG copy)> 
<./eettbarEfficiencyPtMedTheta_sidloi3_det_vtxbar_3doublet.png (PNG copy)> <./e
ettbarEfficiencyPtHighTheta_sidloi3_det_vtxbar_3doublet.png (PNG copy)> <./eett
barEfficiencyHits_sidloi3_det_vtxbar_3doublet.png (PNG copy)> <./eettbarEfficie
ncyDistance_sidloi3_det_vtxbar_3doublet.png (PNG copy)>]
<ttbb6qallEfficiencyPtLowTheta_sidloi3_det_vtxbar_3doublet.png, id=469, 569.126
25pt x 482.0409pt>
File: ttbb6qallEfficiencyPtLowTheta_sidloi3_det_vtxbar_3doublet.png Graphic fil
e (type png)

<use ttbb6qallEfficiencyPtLowTheta_sidloi3_det_vtxbar_3doublet.png>
Package pdftex.def Info: ttbb6qallEfficiencyPtLowTheta_sidloi3_det_vtxbar_3doub
let.png used on input line 231.
(pdftex.def)             Requested size: 144.54pt x 122.4223pt.

Overfull \hbox (1.44461pt too wide) in paragraph at lines 231--232
 [][] 
 []


<ttbb6qallEfficiencyPtMedTheta_sidloi3_det_vtxbar_3doublet.png, id=470, 569.126
25pt x 482.0409pt>
File: ttbb6qallEfficiencyPtMedTheta_sidloi3_det_vtxbar_3doublet.png Graphic fil
e (type png)

<use ttbb6qallEfficiencyPtMedTheta_sidloi3_det_vtxbar_3doublet.png>
Package pdftex.def Info: ttbb6qallEfficiencyPtMedTheta_sidloi3_det_vtxbar_3doub
let.png used on input line 236.
(pdftex.def)             Requested size: 144.54pt x 122.4223pt.

Overfull \hbox (1.44461pt too wide) in paragraph at lines 236--237
 [][] 
 []


<ttbb6qallEfficiencyPtHighTheta_sidloi3_det_vtxbar_3doublet.png, id=471, 569.12
625pt x 482.0409pt>
File: ttbb6qallEfficiencyPtHighTheta_sidloi3_det_vtxbar_3doublet.png Graphic fi
le (type png)

<use ttbb6qallEfficiencyPtHighTheta_sidloi3_det_vtxbar_3doublet.png>
Package pdftex.def Info: ttbb6qallEfficiencyPtHighTheta_sidloi3_det_vtxbar_3dou
blet.png used on input line 241.
(pdftex.def)             Requested size: 144.54pt x 122.4223pt.

Overfull \hbox (1.44461pt too wide) in paragraph at lines 241--242
 [][] 
 []

[14 <./ttbb6qallEfficiencyThetaLowPt_sidloi3_det_vtxbar_3doublet.png (PNG copy)
> <./ttbb6qallEfficiencyThetaMedPt_sidloi3_det_vtxbar_3doublet.png (PNG copy)> 
<./ttbb6qallEfficiencyTheta30GeV_sidloi3_det_vtxbar_3doublet.png (PNG copy)>]
<ttbb6qallEfficiencyHits_sidloi3_det_vtxbar_3doublet.png, id=482, 569.12625pt x
 482.0409pt>
File: ttbb6qallEfficiencyHits_sidloi3_det_vtxbar_3doublet.png Graphic file (typ
e png)
 <use ttbb6qallEfficiencyHits_sidloi3_det_vtxbar_3doublet.png>
Package pdftex.def Info: ttbb6qallEfficiencyHits_sidloi3_det_vtxbar_3doublet.pn
g used on input line 267.
(pdftex.def)             Requested size: 216.81pt x 183.63347pt.

<ttbb6qallEfficiencyDistance_sidloi3_det_vtxbar_3doublet.png, id=483, 569.12625
pt x 482.0409pt>
File: ttbb6qallEfficiencyDistance_sidloi3_det_vtxbar_3doublet.png Graphic file 
(type png)

<use ttbb6qallEfficiencyDistance_sidloi3_det_vtxbar_3doublet.png>
Package pdftex.def Info: ttbb6qallEfficiencyDistance_sidloi3_det_vtxbar_3double
t.png used on input line 272.
(pdftex.def)             Requested size: 216.81pt x 183.63347pt.

Overfull \hbox (2.61108pt too wide) in paragraph at lines 265--277
[]$[]$ $[]$ 
 []


LaTeX Warning: `!h' float specifier changed to `!ht'.

[15 <./ttbb6qallEfficiencyPtLowTheta_sidloi3_det_vtxbar_3doublet.png (PNG copy)
> <./ttbb6qallEfficiencyPtMedTheta_sidloi3_det_vtxbar_3doublet.png (PNG copy)> 
<./ttbb6qallEfficiencyPtHighTheta_sidloi3_det_vtxbar_3doublet.png (PNG copy)>]
<eettbarFakeRateTheta_sidloi3_det_vtxbar_3doublet.png, id=495, 569.12625pt x 48
2.0409pt>
File: eettbarFakeRateTheta_sidloi3_det_vtxbar_3doublet.png Graphic file (type p
ng)
 <use eettbarFakeRateTheta_sidloi3_det_vtxbar_3doublet.png>
Package pdftex.def Info: eettbarFakeRateTheta_sidloi3_det_vtxbar_3doublet.png u
sed on input line 300.
(pdftex.def)             Requested size: 216.81pt x 183.63347pt.

<eettbarFakeRatePt_sidloi3_det_vtxbar_3doublet.png, id=496, 569.12625pt x 482.0
409pt>
File: eettbarFakeRatePt_sidloi3_det_vtxbar_3doublet.png Graphic file (type png)

 <use eettbarFakeRatePt_sidloi3_det_vtxbar_3doublet.png>
Package pdftex.def Info: eettbarFakeRatePt_sidloi3_det_vtxbar_3doublet.png used
 on input line 305.
(pdftex.def)             Requested size: 216.81pt x 183.63347pt.

Overfull \hbox (2.61108pt too wide) in paragraph at lines 298--309
[]$[]$ $[]$ 
 []


<ttbb6qallFakeRateTheta_sidloi3_det_vtxbar_3doublet.png, id=497, 569.12625pt x 
482.0409pt>
File: ttbb6qallFakeRateTheta_sidloi3_det_vtxbar_3doublet.png Graphic file (type
 png)
 <use ttbb6qallFakeRateTheta_sidloi3_det_vtxbar_3doublet.png>
Package pdftex.def Info: ttbb6qallFakeRateTheta_sidloi3_det_vtxbar_3doublet.png
 used on input line 316.
(pdftex.def)             Requested size: 216.81pt x 183.63347pt.

<ttbb6qallFakeRatePt_sidloi3_det_vtxbar_3doublet.png, id=498, 569.12625pt x 482
.0409pt>
File: ttbb6qallFakeRatePt_sidloi3_det_vtxbar_3doublet.png Graphic file (type pn
g)
 <use ttbb6qallFakeRatePt_sidloi3_det_vtxbar_3doublet.png>
Package pdftex.def Info: ttbb6qallFakeRatePt_sidloi3_det_vtxbar_3doublet.png us
ed on input line 321.
(pdftex.def)             Requested size: 216.81pt x 183.63347pt.

Overfull \hbox (2.61108pt too wide) in paragraph at lines 314--325
[]$[]$ $[]$ 
 []

[16 <./ttbb6qallEfficiencyHits_sidloi3_det_vtxbar_3doublet.png (PNG copy)> <./t
tbb6qallEfficiencyDistance_sidloi3_det_vtxbar_3doublet.png (PNG copy)>]
[17 <./eettbarFakeRateTheta_sidloi3_det_vtxbar_3doublet.png (PNG copy)> <./eett
barFakeRatePt_sidloi3_det_vtxbar_3doublet.png (PNG copy)> <./ttbb6qallFakeRateT
heta_sidloi3_det_vtxbar_3doublet.png (PNG copy)> <./ttbb6qallFakeRatePt_sidloi3
_det_vtxbar_3doublet.png (PNG copy)>]
<muonD0ResolutionThetaTwoDetectors2.pdf, id=517, 455.30101pt x 385.44pt>
File: muonD0ResolutionThetaTwoDetectors2.pdf Graphic file (type pdf)

<use muonD0ResolutionThetaTwoDetectors2.pdf>
Package pdftex.def Info: muonD0ResolutionThetaTwoDetectors2.pdf used on input l
ine 369.
(pdftex.def)             Requested size: 274.6262pt x 232.49498pt.

<muonD0ResRatio2.pdf, id=518, 158.99399pt x 395.39494pt>
File: muonD0ResRatio2.pdf Graphic file (type pdf)

<use muonD0ResRatio2.pdf>
Package pdftex.def Info: muonD0ResRatio2.pdf used on input line 374.
(pdftex.def)             Requested size: 144.54pt x 359.46605pt.

<muonZ0ResolutionThetaTwoDetectors2.pdf, id=519, 455.30101pt x 385.44pt>
File: muonZ0ResolutionThetaTwoDetectors2.pdf Graphic file (type pdf)

<use muonZ0ResolutionThetaTwoDetectors2.pdf>
Package pdftex.def Info: muonZ0ResolutionThetaTwoDetectors2.pdf used on input l
ine 387.
(pdftex.def)             Requested size: 274.6262pt x 232.49498pt.

<muonZ0ResRatio2.pdf, id=520, 158.994pt x 395.04797pt>
File: muonZ0ResRatio2.pdf Graphic file (type pdf)

<use muonZ0ResRatio2.pdf>
Package pdftex.def Info: muonZ0ResRatio2.pdf used on input line 392.
(pdftex.def)             Requested size: 144.54pt x 359.15063pt.


LaTeX Warning: `!h' float specifier changed to `!ht'.


LaTeX Warning: `!h' float specifier changed to `!ht'.

[18]

Package hyperref Warning: Token not allowed in a PDF string (PDFDocEncoding):
(hyperref)                removing `math shift' on input line 441.


Package hyperref Warning: Token not allowed in a PDF string (PDFDocEncoding):
(hyperref)                removing `superscript' on input line 441.


Package hyperref Warning: Token not allowed in a PDF string (PDFDocEncoding):
(hyperref)                removing `superscript' on input line 441.


Package hyperref Warning: Token not allowed in a PDF string (PDFDocEncoding):
(hyperref)                removing `\rightarrow' on input line 441.


Package hyperref Warning: Token not allowed in a PDF string (PDFDocEncoding):
(hyperref)                removing `\@@overline' on input line 441.


Package hyperref Warning: Token not allowed in a PDF string (PDFDocEncoding):
(hyperref)                removing `math shift' on input line 441.


Package hyperref Warning: Token not allowed in a PDF string (PDFDocEncoding):
(hyperref)                removing `math shift' on input line 441.


Package hyperref Warning: Token not allowed in a PDF string (PDFDocEncoding):
(hyperref)                removing `\@ifnextchar' on input line 441.


Package hyperref Warning: Token not allowed in a PDF string (PDFDocEncoding):
(hyperref)                removing `math shift' on input line 441.


<eettbarD0ResolutionTheta_sidloi3_det_vtxbar_3doublet.png, id=535, 569.12625pt 
x 482.0409pt>
File: eettbarD0ResolutionTheta_sidloi3_det_vtxbar_3doublet.png Graphic file (ty
pe png)
 <use eettbarD0ResolutionTheta_sidloi3_det_vtxbar_3doublet.png>
Package pdftex.def Info: eettbarD0ResolutionTheta_sidloi3_det_vtxbar_3doublet.p
ng used on input line 457.
(pdftex.def)             Requested size: 209.58255pt x 177.51382pt.

<eettbarD0ResolutionThetaRatio2.pdf, id=536, 455.30101pt x 385.44pt>
File: eettbarD0ResolutionThetaRatio2.pdf Graphic file (type pdf)

<use eettbarD0ResolutionThetaRatio2.pdf>
Package pdftex.def Info: eettbarD0ResolutionThetaRatio2.pdf used on input line 
462.
(pdftex.def)             Requested size: 216.81pt x 183.53876pt.

Overfull \hbox (2.61108pt too wide) in paragraph at lines 455--467
[]$[]$ $[]$ 
 []


<eettbarZ0ResolutionTheta_sidloi3_det_vtxbar_3doublet.png, id=537, 569.12625pt 
x 482.0409pt>
File: eettbarZ0ResolutionTheta_sidloi3_det_vtxbar_3doublet.png Graphic file (ty
pe png)
 <use eettbarZ0ResolutionTheta_sidloi3_det_vtxbar_3doublet.png>
Package pdftex.def Info: eettbarZ0ResolutionTheta_sidloi3_det_vtxbar_3doublet.p
ng used on input line 474.
(pdftex.def)             Requested size: 216.81pt x 183.63347pt.

<eettbarZ0ResolutionThetaRatio2.pdf, id=538, 455.30101pt x 385.44pt>
File: eettbarZ0ResolutionThetaRatio2.pdf Graphic file (type pdf)

<use eettbarZ0ResolutionThetaRatio2.pdf>
Package pdftex.def Info: eettbarZ0ResolutionThetaRatio2.pdf used on input line 
479.
(pdftex.def)             Requested size: 216.81pt x 183.53876pt.

Overfull \hbox (2.61108pt too wide) in paragraph at lines 472--484
[]$[]$ $[]$ 
 []

[19 <./muonD0ResolutionThetaTwoDetectors2.pdf> <./muonD0ResRatio2.pdf

pdfTeX warning: pdflatex (file ./muonD0ResRatio2.pdf): PDF inclusion: multiple 
pdfs with page group included in a single page
>]

LaTeX Warning: `!h' float specifier changed to `!ht'.


LaTeX Warning: `!h' float specifier changed to `!ht'.

[20 <./muonZ0ResolutionThetaTwoDetectors2.pdf> <./muonZ0ResRatio2.pdf

pdfTeX warning: pdflatex (file ./muonZ0ResRatio2.pdf): PDF inclusion: multiple 
pdfs with page group included in a single page
>] [21 <./eettbarD0ResolutionTheta_sidloi3_det_vtxbar_3doublet.png (PNG copy)> 
<./eettbarD0ResolutionThetaRatio2.pdf> <./eettbarZ0ResolutionTheta_sidloi3_det_
vtxbar_3doublet.png (PNG copy)> <./eettbarZ0ResolutionThetaRatio2.pdf

pdfTeX warning: pdflatex (file ./eettbarZ0ResolutionThetaRatio2.pdf): PDF inclu
sion: multiple pdfs with page group included in a single page
>]

Package hyperref Warning: Token not allowed in a PDF string (PDFDocEncoding):
(hyperref)                removing `math shift' on input line 503.


Package hyperref Warning: Token not allowed in a PDF string (PDFDocEncoding):
(hyperref)                removing `superscript' on input line 503.


Package hyperref Warning: Token not allowed in a PDF string (PDFDocEncoding):
(hyperref)                removing `superscript' on input line 503.


Package hyperref Warning: Token not allowed in a PDF string (PDFDocEncoding):
(hyperref)                removing `\rightarrow' on input line 503.


Package hyperref Warning: Token not allowed in a PDF string (PDFDocEncoding):
(hyperref)                removing `\@@overline' on input line 503.


Package hyperref Warning: Token not allowed in a PDF string (PDFDocEncoding):
(hyperref)                removing `\@@overline' on input line 503.


Package hyperref Warning: Token not allowed in a PDF string (PDFDocEncoding):
(hyperref)                removing `math shift' on input line 503.


Package hyperref Warning: Token not allowed in a PDF string (PDFDocEncoding):
(hyperref)                removing `math shift' on input line 503.


Package hyperref Warning: Token not allowed in a PDF string (PDFDocEncoding):
(hyperref)                removing `\@ifnextchar' on input line 503.


Package hyperref Warning: Token not allowed in a PDF string (PDFDocEncoding):
(hyperref)                removing `math shift' on input line 503.


<ttbb6qallD0ResolutionTheta_sidloi3_det_vtxbar_3doublet.png, id=648, 569.12625p
t x 482.0409pt>
File: ttbb6qallD0ResolutionTheta_sidloi3_det_vtxbar_3doublet.png Graphic file (
type png)

<use ttbb6qallD0ResolutionTheta_sidloi3_det_vtxbar_3doublet.png>
Package pdftex.def Info: ttbb6qallD0ResolutionTheta_sidloi3_det_vtxbar_3doublet
.png used on input line 520.
(pdftex.def)             Requested size: 216.81pt x 183.63347pt.

<ttbb6qallD0ResolutionThetaRatio2.pdf, id=649, 455.30101pt x 385.44pt>
File: ttbb6qallD0ResolutionThetaRatio2.pdf Graphic file (type pdf)

<use ttbb6qallD0ResolutionThetaRatio2.pdf>
Package pdftex.def Info: ttbb6qallD0ResolutionThetaRatio2.pdf used on input lin
e 525.
(pdftex.def)             Requested size: 216.81pt x 183.53876pt.

Overfull \hbox (2.61108pt too wide) in paragraph at lines 518--530
[]$[]$ $[]$ 
 []


<ttbb6qallZ0ResolutionTheta_sidloi3_det_vtxbar_3doublet.png, id=650, 569.12625p
t x 482.0409pt>
File: ttbb6qallZ0ResolutionTheta_sidloi3_det_vtxbar_3doublet.png Graphic file (
type png)

<use ttbb6qallZ0ResolutionTheta_sidloi3_det_vtxbar_3doublet.png>
Package pdftex.def Info: ttbb6qallZ0ResolutionTheta_sidloi3_det_vtxbar_3doublet
.png used on input line 537.
(pdftex.def)             Requested size: 216.81pt x 183.63347pt.

<ttbb6qallZ0ResolutionThetaRatio2.pdf, id=651, 455.30101pt x 385.44pt>
File: ttbb6qallZ0ResolutionThetaRatio2.pdf Graphic file (type pdf)

<use ttbb6qallZ0ResolutionThetaRatio2.pdf>
Package pdftex.def Info: ttbb6qallZ0ResolutionThetaRatio2.pdf used on input lin
e 542.
(pdftex.def)             Requested size: 216.81pt x 183.53876pt.

Overfull \hbox (2.61108pt too wide) in paragraph at lines 535--547
[]$[]$ $[]$ 
 []


LaTeX Warning: `!h' float specifier changed to `!ht'.

[22 <./ttbb6qallD0ResolutionTheta_sidloi3_det_vtxbar_3doublet.png (PNG copy)> <
./ttbb6qallD0ResolutionThetaRatio2.pdf>]
<sidloi3_muonPt2ResolutionP.png, id=676, 569.12625pt x 482.0409pt>
File: sidloi3_muonPt2ResolutionP.png Graphic file (type png)

<use sidloi3_muonPt2ResolutionP.png>
Package pdftex.def Info: sidloi3_muonPt2ResolutionP.png used on input line 579.

(pdftex.def)             Requested size: 216.81pt x 183.63347pt.

<det_vtxbar_3doublet_muonPt2ResolutionP.png, id=677, 569.12625pt x 482.0409pt>
File: det_vtxbar_3doublet_muonPt2ResolutionP.png Graphic file (type png)

<use det_vtxbar_3doublet_muonPt2ResolutionP.png>
Package pdftex.def Info: det_vtxbar_3doublet_muonPt2ResolutionP.png used on inp
ut line 584.
(pdftex.def)             Requested size: 216.81pt x 183.63347pt.

Overfull \hbox (2.61108pt too wide) in paragraph at lines 577--587
[]$[]$ $[]$ 
 []


LaTeX Warning: `!h' float specifier changed to `!ht'.

) (./discussionconclusion.tex [23 <./ttbb6qallZ0ResolutionTheta_sidloi3_det_vtx
bar_3doublet.png (PNG copy)> <./ttbb6qallZ0ResolutionThetaRatio2.pdf>] [24 <./s
idloi3_muonPt2ResolutionP.png (PNG copy)> <./det_vtxbar_3doublet_muonPt2Resolut
ionP.png (PNG copy)>])
Missing character: There is no â in font cmr10!
Missing character: There is no € in font cmr10!
Missing character: There is no ” in font cmr10!
 [25]
Package atveryend Info: Empty hook `BeforeClearDocument' on input line 570.
 [26]
Package atveryend Info: Empty hook `AfterLastShipout' on input line 570.
 (./detOptimization4.aux)
Package atveryend Info: Executing hook `AtVeryEndDocument' on input line 570.
Package atveryend Info: Executing hook `AtEndAfterFileList' on input line 570.
Package rerunfilecheck Info: File `detOptimization4.out' has not changed.
(rerunfilecheck)             Checksum: BA531D7F53352D84F66B3D9CA0770383;1623.


LaTeX Warning: There were undefined references.

Package atveryend Info: Empty hook `AtVeryVeryEnd' on input line 570.
 ) 
Here is how much of TeX's memory you used:
 9022 strings out of 493117
 144292 string characters out of 6135433
 228065 words of memory out of 5000000
 12202 multiletter control sequences out of 15000+600000
 16427 words of font info for 63 fonts, out of 8000000 for 9000
 1141 hyphenation exceptions out of 8191
 42i,11n,43p,915b,501s stack positions out of 5000i,500n,10000p,200000b,80000s
</usr/local/texlive/2014/texmf-dist/fonts/type1/public/amsfonts/cm/cmbx10.pfb
></usr/local/texlive/2014/texmf-dist/fonts/type1/public/amsfonts/cm/cmbx12.pfb>
</usr/local/texlive/2014/texmf-dist/fonts/type1/public/amsfonts/cm/cmcsc10.pfb>
</usr/local/texlive/2014/texmf-dist/fonts/type1/public/amsfonts/cm/cmex10.pfb><
/usr/local/texlive/2014/texmf-dist/fonts/type1/public/amsfonts/cm/cmmi10.pfb></
usr/local/texlive/2014/texmf-dist/fonts/type1/public/amsfonts/cm/cmmi12.pfb></u
sr/local/texlive/2014/texmf-dist/fonts/type1/public/amsfonts/cm/cmmi8.pfb></usr
/local/texlive/2014/texmf-dist/fonts/type1/public/amsfonts/cm/cmr10.pfb></usr/l
ocal/texlive/2014/texmf-dist/fonts/type1/public/amsfonts/cm/cmr12.pfb></usr/loc
al/texlive/2014/texmf-dist/fonts/type1/public/amsfonts/cm/cmr8.pfb></usr/local/
texlive/2014/texmf-dist/fonts/type1/public/amsfonts/cm/cmsl12.pfb></usr/local/t
exlive/2014/texmf-dist/fonts/type1/public/amsfonts/cm/cmsy10.pfb></usr/local/te
xlive/2014/texmf-dist/fonts/type1/public/amsfonts/cm/cmsy7.pfb></usr/local/texl
ive/2014/texmf-dist/fonts/type1/public/amsfonts/cm/cmsy8.pfb></usr/local/texliv
e/2014/texmf-dist/fonts/type1/public/amsfonts/cm/cmti10.pfb></usr/local/texlive
/2014/texmf-dist/fonts/type1/public/amsfonts/cm/cmti12.pfb></usr/local/texlive/
2014/texmf-dist/fonts/type1/public/amsfonts/cm/cmtt10.pfb></usr/local/texlive/2
014/texmf-dist/fonts/type1/public/amsfonts/symbols/msam10.pfb>
Output written on detOptimization4.pdf (26 pages, 2737537 bytes).
PDF statistics:
 826 PDF objects out of 1000 (max. 8388607)
 611 compressed objects within 7 object streams
 98 named destinations out of 1000 (max. 500000)
 409 words of extra memory for PDF output out of 10000 (max. 10000000)

